<?xml version="1.0" encoding="UTF-8"?>
<testsuite name="TestHome" tests="1" skipped="0" failures="0" errors="0" timestamp="2020-10-23T09:50:40" hostname="Joaos-MacBook-Air.local" time="0.017">
  <properties/>
  <testcase name="updateDevices" classname="TestHome" time="0.017"/>
  <system-out><![CDATA[Air Conditioner ID 1: ON
DOOR ID 1: CLOSED
]]></system-out>
  <system-err><![CDATA[]]></system-err>
</testsuite>
